<?xml version="1.0" encoding="UTF-8"?>
<!-- Generated by org.testng.reporters.JUnitReportReporter -->
<testsuite hostname="Rams" failures="0" tests="2" name="VenkataRamanapandi.Tests.CheckOrderData" time="25.899" errors="0" timestamp="2025-05-04T07:34:43 IST" skipped="0">
  <testcase classname="VenkataRamanapandi.Tests.CheckOrderData" name="SubmitMethod" time="8.497"/>
  <testcase classname="VenkataRamanapandi.Tests.CheckOrderData" name="SubmitMethod" time="17.402"/>
</testsuite> <!-- VenkataRamanapandi.Tests.CheckOrderData -->
