<?xml version="1.0" encoding="UTF-8"?>
<!-- Generated by org.testng.reporters.JUnitReportReporter -->
<testsuite hostname="Rams" failures="0" tests="1" name="Cucumber.TestNGRunner" time="16.973" errors="0" timestamp="2025-05-07T15:06:38 IST" skipped="0">
  <testcase classname="Cucumber.TestNGRunner" name="runScenario" time="16.973"/>
</testsuite> <!-- Cucumber.TestNGRunner -->
