<?xml version="1.0" encoding="UTF-8"?>
<!-- Generated by org.testng.reporters.JUnitReportReporter -->
<testsuite hostname="Rams" failures="0" tests="2" name="VenkataRamanapandi.Tests.ErrorHandling" time="9.400" errors="0" timestamp="2025-05-06T18:28:35 IST" skipped="0">
  <testcase classname="VenkataRamanapandi.Tests.ErrorHandling" name="LoginError" time="4.156"/>
  <testcase classname="VenkataRamanapandi.Tests.ErrorHandling" name="LoginError" time="5.244"/>
</testsuite> <!-- VenkataRamanapandi.Tests.ErrorHandling -->
