<?xml version="1.0" encoding="UTF-8"?>
<!-- Generated by org.testng.reporters.JUnitReportReporter -->
<testsuite hostname="Rams" failures="0" tests="2" name="VenkataRamanapandi.Tests.SubmitOrder" time="39.631" errors="0" timestamp="2025-05-06T18:28:35 IST" skipped="0">
  <testcase classname="VenkataRamanapandi.Tests.SubmitOrder" name="SubmitMethod" time="20.804"/>
  <testcase classname="VenkataRamanapandi.Tests.SubmitOrder" name="SubmitMethod" time="18.827"/>
</testsuite> <!-- VenkataRamanapandi.Tests.SubmitOrder -->
